SF:lib/domain/blocs/event_entity_bloc/event_entity_bloc.dart
DA:19,1
DA:25,1
DA:32,1
DA:33,2
DA:34,2
DA:35,2
DA:36,2
DA:38,1
DA:50,1
DA:53,4
DA:55,2
DA:56,1
DA:57,1
DA:60,1
DA:61,1
DA:65,1
DA:69,2
DA:73,0
DA:76,4
DA:80,1
DA:83,4
DA:85,2
DA:87,2
DA:89,1
DA:90,1
DA:91,1
DA:92,1
DA:93,1
DA:94,1
DA:96,4
DA:98,0
DA:100,0
DA:101,0
DA:104,0
DA:107,4
DA:111,1
DA:114,1
DA:115,3
DA:116,1
DA:120,1
DA:122,1
DA:123,2
DA:126,4
DA:127,2
DA:128,4
LF:45
LH:40
end_of_record
SF:lib/domain/blocs/event_entity_bloc/event_entity_state.dart
DA:54,2
DA:62,2
DA:70,1
DA:79,1
DA:88,0
DA:103,2
DA:114,0
DA:117,0
DA:120,0
DA:121,0
DA:124,0
DA:127,0
DA:134,0
DA:135,0
DA:136,0
DA:137,0
DA:138,0
DA:142,0
DA:149,0
DA:150,0
DA:151,0
DA:152,0
DA:153,0
DA:157,0
DA:163,0
DA:164,0
DA:165,0
DA:166,0
DA:167,0
DA:170,0
DA:171,0
DA:173,1
LF:32
LH:6
end_of_record
SF:lib/domain/blocs/event_entity_bloc/event_entity_event.dart
DA:23,2
LF:1
LH:1
end_of_record
SF:lib/domain/entity/event_entity/new_event_entity.dart
DA:27,0
DA:28,0
DA:38,0
DA:39,0
DA:51,0
DA:61,0
DA:62,0
LF:7
LH:0
end_of_record
SF:lib/domain/entity/event_entity/new_event_entity.g.dart
DA:9,0
DA:10,0
DA:11,0
DA:12,0
DA:13,0
DA:14,0
DA:15,0
DA:16,0
DA:18,0
DA:19,0
DA:20,0
DA:21,0
DA:22,0
DA:23,0
DA:24,0
DA:25,0
DA:26,0
DA:29,0
DA:30,0
DA:31,0
DA:32,0
DA:33,0
DA:34,0
DA:35,0
DA:36,0
DA:37,0
DA:38,0
DA:39,0
DA:40,0
DA:41,0
DA:42,0
DA:45,0
DA:46,0
DA:47,0
DA:50,0
DA:51,0
DA:52,0
DA:53,0
DA:56,0
DA:57,0
DA:58,0
DA:59,0
DA:60,0
DA:63,0
DA:64,0
DA:65,0
DA:66,0
DA:67,0
DA:70,0
DA:72,0
DA:73,0
DA:74,0
DA:75,0
DA:77,0
DA:78,0
DA:79,0
DA:82,0
DA:84,0
DA:85,0
DA:86,0
LF:60
LH:0
end_of_record
SF:lib/domain/repository/auth_repository.dart
DA:21,0
DA:30,0
DA:34,0
DA:42,0
DA:45,0
DA:48,0
DA:50,0
DA:54,0
DA:63,0
DA:66,0
DA:70,0
DA:76,0
DA:80,0
DA:82,0
DA:83,0
DA:86,0
DA:88,0
DA:89,0
DA:92,0
DA:95,0
DA:96,0
DA:97,0
DA:98,0
DA:99,0
DA:101,0
DA:109,0
DA:111,0
DA:115,0
DA:117,0
DA:125,0
DA:127,0
DA:135,0
DA:137,0
DA:138,0
DA:140,0
DA:142,0
LF:36
LH:0
end_of_record
SF:lib/domain/repository/event_entity_repo.dart
DA:34,0
DA:40,0
DA:42,0
DA:45,0
DA:47,0
DA:50,0
DA:60,0
DA:61,0
DA:62,0
DA:75,0
DA:79,0
DA:86,0
DA:90,0
DA:97,0
DA:101,0
DA:108,0
DA:112,0
LF:17
LH:0
end_of_record
SF:lib/domain/api_client/api_client.dart
DA:21,0
DA:23,0
DA:26,0
DA:29,0
DA:30,0
DA:32,0
DA:35,0
DA:39,0
DA:44,0
DA:49,0
DA:52,0
DA:53,0
DA:55,0
DA:58,0
DA:62,0
DA:69,0
DA:71,0
DA:74,0
DA:76,0
DA:79,0
DA:80,0
DA:83,0
DA:84,0
DA:86,0
DA:89,0
DA:92,0
LF:26
LH:0
end_of_record
SF:lib/domain/api_client/api_client_exception.dart
DA:14,0
LF:1
LH:0
end_of_record
SF:lib/domain/api_client/auth_api_client.dart
DA:18,0
DA:19,0
DA:23,0
DA:28,0
DA:30,0
DA:33,0
DA:37,0
DA:40,0
DA:42,0
DA:47,0
DA:49,0
DA:50,0
DA:51,0
DA:52,0
DA:53,0
DA:57,0
DA:61,0
DA:64,0
DA:65,0
DA:66,0
DA:68,0
DA:70,0
DA:71,0
DA:72,0
DA:73,0
DA:74,0
DA:75,0
DA:78,0
LF:28
LH:0
end_of_record
SF:lib/domain/api_client/event_entity_api_client.dart
DA:37,0
DA:39,0
DA:42,0
DA:44,0
DA:45,0
DA:46,0
DA:47,0
DA:48,0
DA:49,0
DA:52,0
DA:56,0
DA:59,0
DA:61,0
DA:62,0
DA:63,0
DA:64,0
DA:65,0
DA:66,0
DA:69,0
DA:73,0
DA:84,0
DA:86,0
DA:87,0
DA:88,0
DA:94,0
DA:97,0
DA:101,0
DA:105,0
DA:107,0
DA:108,0
DA:109,0
DA:110,0
DA:111,0
DA:112,0
DA:114,0
DA:115,0
DA:117,0
DA:121,0
DA:124,0
DA:127,0
DA:128,0
DA:131,0
DA:135,0
DA:138,0
DA:139,0
DA:141,0
DA:142,0
DA:143,0
DA:144,0
DA:148,0
DA:152,0
DA:155,0
DA:158,0
DA:159,0
DA:162,0
LF:55
LH:0
end_of_record
SF:lib/domain/data_provider/session_data_provider.dart
DA:22,0
DA:24,0
DA:26,0
DA:28,0
DA:30,0
DA:33,0
DA:35,0
DA:38,0
DA:40,0
DA:42,0
DA:44,0
DA:47,0
DA:49,0
DA:52,0
DA:54,0
LF:15
LH:0
end_of_record
SF:lib/library/flutter_secure_storage/flutter_secure_storage.dart
DA:21,0
DA:23,0
DA:27,0
DA:29,0
DA:33,0
DA:35,0
DA:40,0
LF:7
LH:0
end_of_record
